<?xml version="1.0" encoding="UTF-8"?>
<!-- Generated by org.testng.reporters.JUnitReportReporter -->
<testsuite hostname="signity-PC" name="com.signity.VerifyImages" tests="1" failures="0" timestamp="5 Sep 2018 11:35:59 GMT" time="71.850" errors="0">
  <testcase name="validateInvalidImages" time="71.850" classname="com.signity.VerifyImages"/>
</testsuite> <!-- com.signity.VerifyImages -->
